[0.133s] Invoking command in '/home/ubuntu/Downloads/GestureDrone/build/gesture_to_flight': CMAKE_PREFIX_PATH=${CMAKE_PREFIX_PATH}:/home/ubuntu/Downloads/HandGestureTest/install/my_py_pkg:/opt/ros/humble /usr/bin/cmake /home/ubuntu/Downloads/GestureDrone/gesture_to_flight -DCMAKE_INSTALL_PREFIX=/home/ubuntu/Downloads/GestureDrone/install/gesture_to_flight
[0.308s] -- The C compiler identification is GNU 11.4.0
[0.513s] -- The CXX compiler identification is GNU 11.4.0
[0.528s] -- Detecting C compiler ABI info
[0.569s] -- Detecting C compiler ABI info - done
[0.575s] -- Check for working C compiler: /usr/lib/ccache/cc - skipped
[0.576s] -- Detecting C compile features
[0.576s] -- Detecting C compile features - done
[0.580s] -- Detecting CXX compiler ABI info
[0.633s] -- Detecting CXX compiler ABI info - done
[0.639s] -- Check for working CXX compiler: /usr/lib/ccache/c++ - skipped
[0.639s] -- Detecting CXX compile features
[0.639s] -- Detecting CXX compile features - done
[0.653s] -- Found ament_cmake: 1.3.12 (/opt/ros/humble/share/ament_cmake/cmake)
[0.884s] -- Found Python3: /usr/bin/python3 (found version "3.10.12") found components: Interpreter 
[0.961s] -- Found rclcpp: 16.0.15 (/opt/ros/humble/share/rclcpp/cmake)
[1.008s] -- Found rosidl_generator_c: 3.1.7 (/opt/ros/humble/share/rosidl_generator_c/cmake)
[1.015s] -- Found rosidl_adapter: 3.1.7 (/opt/ros/humble/share/rosidl_adapter/cmake)
[1.026s] -- Found rosidl_generator_cpp: 3.1.7 (/opt/ros/humble/share/rosidl_generator_cpp/cmake)
[1.040s] -- Using all available rosidl_typesupport_c: rosidl_typesupport_fastrtps_c;rosidl_typesupport_introspection_c
[1.056s] -- Using all available rosidl_typesupport_cpp: rosidl_typesupport_fastrtps_cpp;rosidl_typesupport_introspection_cpp
[1.099s] -- Found rmw_implementation_cmake: 6.1.2 (/opt/ros/humble/share/rmw_implementation_cmake/cmake)
[1.102s] -- Found rmw_fastrtps_cpp: 6.2.8 (/opt/ros/humble/share/rmw_fastrtps_cpp/cmake)
[1.173s] -- Found OpenSSL: /usr/lib/aarch64-linux-gnu/libcrypto.so (found version "3.0.2")  
[1.197s] -- Found FastRTPS: /opt/ros/humble/include  
[1.231s] -- Using RMW implementation 'rmw_fastrtps_cpp' as default
[1.242s] -- Looking for pthread.h
[1.309s] -- Looking for pthread.h - found
[1.311s] -- Performing Test CMAKE_HAVE_LIBC_PTHREAD
[1.374s] -- Performing Test CMAKE_HAVE_LIBC_PTHREAD - Success
[1.375s] -- Found Threads: TRUE  
[1.431s] -- Found geometry_msgs: 4.9.0 (/opt/ros/humble/share/geometry_msgs/cmake)
[1.454s] -- Found tf2: 0.25.16 (/opt/ros/humble/share/tf2/cmake)
[1.508s] -- Configuring done
[1.517s] -- Generating done
[1.519s] -- Build files have been written to: /home/ubuntu/Downloads/GestureDrone/build/gesture_to_flight
