[0.000000] (-) TimerEvent: {}
[0.000421] (-) JobUnselected: {'identifier': 'gesture_cv'}
[0.000498] (gesture_to_flight) JobQueued: {'identifier': 'gesture_to_flight', 'dependencies': OrderedDict([('gesture_cv', 'GestureDrone/install/gesture_cv')])}
[0.000545] (gesture_to_flight) JobStarted: {'identifier': 'gesture_to_flight'}
[0.099953] (-) TimerEvent: {}
[0.200518] (-) TimerEvent: {}
[0.301036] (-) TimerEvent: {}
[0.401450] (-) TimerEvent: {}
[0.450748] (gesture_to_flight) Command: {'cmd': ['/usr/bin/python3', '-W', 'ignore:setup.py install is deprecated', '-W', 'ignore:easy_install command is deprecated', 'setup.py', 'egg_info', '--egg-base', '../build/gesture_to_flight', 'build', '--build-base', 'GestureDrone/build/gesture_to_flight/build', 'install', '--record', 'GestureDrone/build/gesture_to_flight/install.log', '--single-version-externally-managed', 'install_data'], 'cwd': 'GestureDrone/gesture_to_flight', 'env': ***REMOVED***, 'shell': False}
[0.501566] (-) TimerEvent: {}
[0.539690] (gesture_to_flight) StderrLine: {'line': b"site-packages/setuptools/_distutils/dist.py:261: UserWarning: Unknown distribution option: 'tests_require'\n"}
[0.540035] (gesture_to_flight) StderrLine: {'line': b'  warnings.warn(msg)\n'}
[0.585325] (gesture_to_flight) StdoutLine: {'line': b'running egg_info\n'}
[0.592496] (gesture_to_flight) StdoutLine: {'line': b'creating ../build/gesture_to_flight/gesture_to_flight.egg-info\n'}
[0.592749] (gesture_to_flight) StdoutLine: {'line': b'writing ../build/gesture_to_flight/gesture_to_flight.egg-info/PKG-INFO\n'}
[0.593031] (gesture_to_flight) StdoutLine: {'line': b'writing dependency_links to ../build/gesture_to_flight/gesture_to_flight.egg-info/dependency_links.txt\n'}
[0.593209] (gesture_to_flight) StdoutLine: {'line': b'writing entry points to ../build/gesture_to_flight/gesture_to_flight.egg-info/entry_points.txt\n'}
[0.593343] (gesture_to_flight) StdoutLine: {'line': b'writing requirements to ../build/gesture_to_flight/gesture_to_flight.egg-info/requires.txt\n'}
[0.593459] (gesture_to_flight) StdoutLine: {'line': b'writing top-level names to ../build/gesture_to_flight/gesture_to_flight.egg-info/top_level.txt\n'}
[0.593567] (gesture_to_flight) StdoutLine: {'line': b"writing manifest file '../build/gesture_to_flight/gesture_to_flight.egg-info/SOURCES.txt'\n"}
[0.601666] (-) TimerEvent: {}
[0.608650] (gesture_to_flight) StdoutLine: {'line': b"reading manifest file '../build/gesture_to_flight/gesture_to_flight.egg-info/SOURCES.txt'\n"}
[0.609209] (gesture_to_flight) StdoutLine: {'line': b"writing manifest file '../build/gesture_to_flight/gesture_to_flight.egg-info/SOURCES.txt'\n"}
[0.609431] (gesture_to_flight) StdoutLine: {'line': b'running build\n'}
[0.609615] (gesture_to_flight) StdoutLine: {'line': b'running build_py\n'}
[0.609760] (gesture_to_flight) StdoutLine: {'line': b'creating GestureDrone/build/gesture_to_flight/build/lib/gesture_to_flight\n'}
[0.609875] (gesture_to_flight) StdoutLine: {'line': b'copying gesture_to_flight/gesture_inference_ros_node.py -> GestureDrone/build/gesture_to_flight/build/lib/gesture_to_flight\n'}
[0.610003] (gesture_to_flight) StdoutLine: {'line': b'copying gesture_to_flight/__init__.py -> GestureDrone/build/gesture_to_flight/build/lib/gesture_to_flight\n'}
[0.610112] (gesture_to_flight) StdoutLine: {'line': b'copying gesture_to_flight/flightInstructions.py -> GestureDrone/build/gesture_to_flight/build/lib/gesture_to_flight\n'}
[0.610221] (gesture_to_flight) StdoutLine: {'line': b'running install\n'}
[0.612562] (gesture_to_flight) StdoutLine: {'line': b'running install_lib\n'}
[0.620015] (gesture_to_flight) StdoutLine: {'line': b'creating GestureDrone/install/gesture_to_flight/lib/python3.10/site-packages/gesture_to_flight\n'}
[0.620282] (gesture_to_flight) StdoutLine: {'line': b'copying GestureDrone/build/gesture_to_flight/build/lib/gesture_to_flight/gesture_inference_ros_node.py -> GestureDrone/install/gesture_to_flight/lib/python3.10/site-packages/gesture_to_flight\n'}
[0.620465] (gesture_to_flight) StdoutLine: {'line': b'copying GestureDrone/build/gesture_to_flight/build/lib/gesture_to_flight/__init__.py -> GestureDrone/install/gesture_to_flight/lib/python3.10/site-packages/gesture_to_flight\n'}
[0.620590] (gesture_to_flight) StdoutLine: {'line': b'copying GestureDrone/build/gesture_to_flight/build/lib/gesture_to_flight/flightInstructions.py -> GestureDrone/install/gesture_to_flight/lib/python3.10/site-packages/gesture_to_flight\n'}
[0.620704] (gesture_to_flight) StdoutLine: {'line': b'byte-compiling GestureDrone/install/gesture_to_flight/lib/python3.10/site-packages/gesture_to_flight/gesture_inference_ros_node.py to gesture_inference_ros_node.cpython-310.pyc\n'}
[0.621348] (gesture_to_flight) StdoutLine: {'line': b'byte-compiling GestureDrone/install/gesture_to_flight/lib/python3.10/site-packages/gesture_to_flight/__init__.py to __init__.cpython-310.pyc\n'}
[0.621516] (gesture_to_flight) StdoutLine: {'line': b'byte-compiling GestureDrone/install/gesture_to_flight/lib/python3.10/site-packages/gesture_to_flight/flightInstructions.py to flightInstructions.cpython-310.pyc\n'}
[0.621935] (gesture_to_flight) StdoutLine: {'line': b'running install_data\n'}
[0.622130] (gesture_to_flight) StdoutLine: {'line': b'creating GestureDrone/install/gesture_to_flight/share/ament_index/resource_index/packages\n'}
[0.622286] (gesture_to_flight) StdoutLine: {'line': b'copying resource/gesture_to_flight -> GestureDrone/install/gesture_to_flight/share/ament_index/resource_index/packages\n'}
[0.622398] (gesture_to_flight) StdoutLine: {'line': b'copying package.xml -> GestureDrone/install/gesture_to_flight/share/gesture_to_flight\n'}
[0.622493] (gesture_to_flight) StdoutLine: {'line': b'creating GestureDrone/install/gesture_to_flight/share/gesture_to_flight/launch\n'}
[0.622575] (gesture_to_flight) StdoutLine: {'line': b'copying launch/gesture_drone.launch.py -> GestureDrone/install/gesture_to_flight/share/gesture_to_flight/launch\n'}
[0.622655] (gesture_to_flight) StdoutLine: {'line': b'running install_egg_info\n'}
[0.630555] (gesture_to_flight) StdoutLine: {'line': b'Copying ../build/gesture_to_flight/gesture_to_flight.egg-info to GestureDrone/install/gesture_to_flight/lib/python3.10/site-packages/gesture_to_flight-0.0.0-py3.10.egg-info\n'}
[0.631112] (gesture_to_flight) StdoutLine: {'line': b'running install_scripts\n'}
[0.695098] (gesture_to_flight) StdoutLine: {'line': b'Installing flight_controller script to GestureDrone/install/gesture_to_flight/bin\n'}
[0.695445] (gesture_to_flight) StdoutLine: {'line': b'Installing gesture_inference script to GestureDrone/install/gesture_to_flight/bin\n'}
[0.695579] (gesture_to_flight) StdoutLine: {'line': b"writing list of installed files to 'GestureDrone/build/gesture_to_flight/install.log'\n"}
[0.701807] (-) TimerEvent: {}
[0.712658] (gesture_to_flight) CommandEnded: {'returncode': 0}
[0.723412] (gesture_to_flight) JobEnded: {'identifier': 'gesture_to_flight', 'rc': 0}
[0.723970] (-) EventReactorShutdown: {}
