[0.405s] Invoking command in '/home/etienne/GestureDrone/gesture_to_flight': PYTHONPATH=/home/etienne/GestureDrone/build/gesture_to_flight/prefix_override:/usr/lib/python3/dist-packages/colcon_core/task/python/colcon_distutils_commands:/home/etienne/GestureDrone/install/gesture_to_flight/lib/python3.10/site-packages:${PYTHONPATH} /usr/bin/python3 -W ignore:setup.py install is deprecated -W ignore:easy_install command is deprecated setup.py egg_info --egg-base ../build/gesture_to_flight build --build-base /home/etienne/GestureDrone/build/gesture_to_flight/build install --record /home/etienne/GestureDrone/build/gesture_to_flight/install.log --single-version-externally-managed install_data
[0.543s] running egg_info
[0.551s] creating ../build/gesture_to_flight/gesture_to_flight.egg-info
[0.552s] writing ../build/gesture_to_flight/gesture_to_flight.egg-info/PKG-INFO
[0.552s] writing dependency_links to ../build/gesture_to_flight/gesture_to_flight.egg-info/dependency_links.txt
[0.552s] writing entry points to ../build/gesture_to_flight/gesture_to_flight.egg-info/entry_points.txt
[0.552s] writing requirements to ../build/gesture_to_flight/gesture_to_flight.egg-info/requires.txt
[0.552s] writing top-level names to ../build/gesture_to_flight/gesture_to_flight.egg-info/top_level.txt
[0.552s] writing manifest file '../build/gesture_to_flight/gesture_to_flight.egg-info/SOURCES.txt'
[0.567s] reading manifest file '../build/gesture_to_flight/gesture_to_flight.egg-info/SOURCES.txt'
[0.568s] writing manifest file '../build/gesture_to_flight/gesture_to_flight.egg-info/SOURCES.txt'
[0.568s] running build
[0.568s] running build_py
[0.568s] creating /home/etienne/GestureDrone/build/gesture_to_flight/build/lib/gesture_to_flight
[0.568s] copying gesture_to_flight/gesture_inference_ros_node.py -> /home/etienne/GestureDrone/build/gesture_to_flight/build/lib/gesture_to_flight
[0.568s] copying gesture_to_flight/__init__.py -> /home/etienne/GestureDrone/build/gesture_to_flight/build/lib/gesture_to_flight
[0.568s] copying gesture_to_flight/flightInstructions.py -> /home/etienne/GestureDrone/build/gesture_to_flight/build/lib/gesture_to_flight
[0.568s] running install
[0.568s] error: error in setup.cfg: command 'install' has no such option 'script_dir'
[0.582s] Invoked command in '/home/etienne/GestureDrone/gesture_to_flight' returned '1': PYTHONPATH=/home/etienne/GestureDrone/build/gesture_to_flight/prefix_override:/usr/lib/python3/dist-packages/colcon_core/task/python/colcon_distutils_commands:/home/etienne/GestureDrone/install/gesture_to_flight/lib/python3.10/site-packages:${PYTHONPATH} /usr/bin/python3 -W ignore:setup.py install is deprecated -W ignore:easy_install command is deprecated setup.py egg_info --egg-base ../build/gesture_to_flight build --build-base /home/etienne/GestureDrone/build/gesture_to_flight/build install --record /home/etienne/GestureDrone/build/gesture_to_flight/install.log --single-version-externally-managed install_data
