running egg_info
writing ../build/gesture_to_flight/gesture_to_flight.egg-info/PKG-INFO
writing dependency_links to ../build/gesture_to_flight/gesture_to_flight.egg-info/dependency_links.txt
writing entry points to ../build/gesture_to_flight/gesture_to_flight.egg-info/entry_points.txt
writing requirements to ../build/gesture_to_flight/gesture_to_flight.egg-info/requires.txt
writing top-level names to ../build/gesture_to_flight/gesture_to_flight.egg-info/top_level.txt
reading manifest file '../build/gesture_to_flight/gesture_to_flight.egg-info/SOURCES.txt'
writing manifest file '../build/gesture_to_flight/gesture_to_flight.egg-info/SOURCES.txt'
running build
running build_py
copying gesture_to_flight/gesture_inference_ros_node.py -> /home/etienne/GestureDrone/build/gesture_to_flight/build/lib/gesture_to_flight
copying gesture_to_flight/__init__.py -> /home/etienne/GestureDrone/build/gesture_to_flight/build/lib/gesture_to_flight
copying gesture_to_flight/flightInstructions.py -> /home/etienne/GestureDrone/build/gesture_to_flight/build/lib/gesture_to_flight
running install
running install_lib
copying /home/etienne/GestureDrone/build/gesture_to_flight/build/lib/gesture_to_flight/gesture_inference_ros_node.py -> /home/etienne/GestureDrone/install/gesture_to_flight/lib/python3.10/site-packages/gesture_to_flight
byte-compiling /home/etienne/GestureDrone/install/gesture_to_flight/lib/python3.10/site-packages/gesture_to_flight/gesture_inference_ros_node.py to gesture_inference_ros_node.cpython-310.pyc
running install_data
copying resource/gesture_to_flight -> /home/etienne/GestureDrone/install/gesture_to_flight/share/ament_index/resource_index/packages
copying package.xml -> /home/etienne/GestureDrone/install/gesture_to_flight/share/gesture_to_flight
copying launch/gesture_drone.launch.py -> /home/etienne/GestureDrone/install/gesture_to_flight/share/gesture_to_flight/launch
running install_egg_info
removing '/home/etienne/GestureDrone/install/gesture_to_flight/lib/python3.10/site-packages/gesture_to_flight-0.0.1-py3.10.egg-info' (and everything under it)
Copying ../build/gesture_to_flight/gesture_to_flight.egg-info to /home/etienne/GestureDrone/install/gesture_to_flight/lib/python3.10/site-packages/gesture_to_flight-0.0.1-py3.10.egg-info
running install_scripts
Installing flight_controller script to /home/etienne/GestureDrone/install/gesture_to_flight/bin
Installing gesture_inference script to /home/etienne/GestureDrone/install/gesture_to_flight/bin
writing list of installed files to '/home/etienne/GestureDrone/build/gesture_to_flight/install.log'
