[0.451s] Invoking command in 'GestureDrone/gesture_to_flight': PYTHONPATH=GestureDrone/build/gesture_to_flight/prefix_override:/usr/lib/python3/dist-packages/colcon_core/task/python/colcon_distutils_commands:GestureDrone/install/gesture_to_flight/lib/python3.10/site-packages:${PYTHONPATH} /usr/bin/python3 -W ignore:setup.py install is deprecated -W ignore:easy_install command is deprecated setup.py egg_info --egg-base ../build/gesture_to_flight build --build-base GestureDrone/build/gesture_to_flight/build install --record GestureDrone/build/gesture_to_flight/install.log --single-version-externally-managed install_data
[0.539s] site-packages/setuptools/_distutils/dist.py:261: UserWarning: Unknown distribution option: 'tests_require'
[0.540s]   warnings.warn(msg)
[0.585s] running egg_info
[0.592s] creating ../build/gesture_to_flight/gesture_to_flight.egg-info
[0.592s] writing ../build/gesture_to_flight/gesture_to_flight.egg-info/PKG-INFO
[0.593s] writing dependency_links to ../build/gesture_to_flight/gesture_to_flight.egg-info/dependency_links.txt
[0.593s] writing entry points to ../build/gesture_to_flight/gesture_to_flight.egg-info/entry_points.txt
[0.593s] writing requirements to ../build/gesture_to_flight/gesture_to_flight.egg-info/requires.txt
[0.593s] writing top-level names to ../build/gesture_to_flight/gesture_to_flight.egg-info/top_level.txt
[0.593s] writing manifest file '../build/gesture_to_flight/gesture_to_flight.egg-info/SOURCES.txt'
[0.608s] reading manifest file '../build/gesture_to_flight/gesture_to_flight.egg-info/SOURCES.txt'
[0.609s] writing manifest file '../build/gesture_to_flight/gesture_to_flight.egg-info/SOURCES.txt'
[0.609s] running build
[0.609s] running build_py
[0.609s] creating GestureDrone/build/gesture_to_flight/build/lib/gesture_to_flight
[0.609s] copying gesture_to_flight/gesture_inference_ros_node.py -> GestureDrone/build/gesture_to_flight/build/lib/gesture_to_flight
[0.609s] copying gesture_to_flight/__init__.py -> GestureDrone/build/gesture_to_flight/build/lib/gesture_to_flight
[0.610s] copying gesture_to_flight/flightInstructions.py -> GestureDrone/build/gesture_to_flight/build/lib/gesture_to_flight
[0.610s] running install
[0.612s] running install_lib
[0.620s] creating GestureDrone/install/gesture_to_flight/lib/python3.10/site-packages/gesture_to_flight
[0.620s] copying GestureDrone/build/gesture_to_flight/build/lib/gesture_to_flight/gesture_inference_ros_node.py -> GestureDrone/install/gesture_to_flight/lib/python3.10/site-packages/gesture_to_flight
[0.620s] copying GestureDrone/build/gesture_to_flight/build/lib/gesture_to_flight/__init__.py -> GestureDrone/install/gesture_to_flight/lib/python3.10/site-packages/gesture_to_flight
[0.620s] copying GestureDrone/build/gesture_to_flight/build/lib/gesture_to_flight/flightInstructions.py -> GestureDrone/install/gesture_to_flight/lib/python3.10/site-packages/gesture_to_flight
[0.620s] byte-compiling GestureDrone/install/gesture_to_flight/lib/python3.10/site-packages/gesture_to_flight/gesture_inference_ros_node.py to gesture_inference_ros_node.cpython-310.pyc
[0.621s] byte-compiling GestureDrone/install/gesture_to_flight/lib/python3.10/site-packages/gesture_to_flight/__init__.py to __init__.cpython-310.pyc
[0.621s] byte-compiling GestureDrone/install/gesture_to_flight/lib/python3.10/site-packages/gesture_to_flight/flightInstructions.py to flightInstructions.cpython-310.pyc
[0.621s] running install_data
[0.622s] creating GestureDrone/install/gesture_to_flight/share/ament_index/resource_index/packages
[0.622s] copying resource/gesture_to_flight -> GestureDrone/install/gesture_to_flight/share/ament_index/resource_index/packages
[0.622s] copying package.xml -> GestureDrone/install/gesture_to_flight/share/gesture_to_flight
[0.622s] creating GestureDrone/install/gesture_to_flight/share/gesture_to_flight/launch
[0.622s] copying launch/gesture_drone.launch.py -> GestureDrone/install/gesture_to_flight/share/gesture_to_flight/launch
[0.622s] running install_egg_info
[0.630s] Copying ../build/gesture_to_flight/gesture_to_flight.egg-info to GestureDrone/install/gesture_to_flight/lib/python3.10/site-packages/gesture_to_flight-0.0.0-py3.10.egg-info
[0.631s] running install_scripts
[0.695s] Installing flight_controller script to GestureDrone/install/gesture_to_flight/bin
[0.695s] Installing gesture_inference script to GestureDrone/install/gesture_to_flight/bin
[0.695s] writing list of installed files to 'GestureDrone/build/gesture_to_flight/install.log'
[0.712s] Invoked command in 'GestureDrone/gesture_to_flight' returned '0': PYTHONPATH=GestureDrone/build/gesture_to_flight/prefix_override:/usr/lib/python3/dist-packages/colcon_core/task/python/colcon_distutils_commands:GestureDrone/install/gesture_to_flight/lib/python3.10/site-packages:${PYTHONPATH} /usr/bin/python3 -W ignore:setup.py install is deprecated -W ignore:easy_install command is deprecated setup.py egg_info --egg-base ../build/gesture_to_flight build --build-base GestureDrone/build/gesture_to_flight/build install --record GestureDrone/build/gesture_to_flight/install.log --single-version-externally-managed install_data
