[0.000000] (-) TimerEvent: {}
[0.000131] (-) JobUnselected: {'identifier': 'gesture_cv'}
[0.000155] (gesture_to_flight) JobQueued: {'identifier': 'gesture_to_flight', 'dependencies': OrderedDict([('gesture_cv', 'GestureDrone/install/gesture_cv')])}
[0.000185] (gesture_to_flight) JobStarted: {'identifier': 'gesture_to_flight'}
[0.099410] (-) TimerEvent: {}
[0.199668] (-) TimerEvent: {}
[0.299940] (-) TimerEvent: {}
[0.400199] (-) TimerEvent: {}
[0.435639] (gesture_to_flight) Command: {'cmd': ['/usr/bin/python3', '-W', 'ignore:setup.py install is deprecated', '-W', 'ignore:easy_install command is deprecated', 'setup.py', 'egg_info', '--egg-base', '../build/gesture_to_flight', 'build', '--build-base', 'GestureDrone/build/gesture_to_flight/build', 'install', '--record', 'GestureDrone/build/gesture_to_flight/install.log', '--single-version-externally-managed', 'install_data'], 'cwd': 'GestureDrone/gesture_to_flight', 'env': ***REMOVED***, 'shell': False}
[0.500346] (-) TimerEvent: {}
[0.584920] (gesture_to_flight) StdoutLine: {'line': b'running egg_info\n'}
[0.592641] (gesture_to_flight) StdoutLine: {'line': b'writing ../build/gesture_to_flight/gesture_to_flight.egg-info/PKG-INFO\n'}
[0.592878] (gesture_to_flight) StdoutLine: {'line': b'writing dependency_links to ../build/gesture_to_flight/gesture_to_flight.egg-info/dependency_links.txt\n'}
[0.592976] (gesture_to_flight) StdoutLine: {'line': b'writing entry points to ../build/gesture_to_flight/gesture_to_flight.egg-info/entry_points.txt\n'}
[0.593089] (gesture_to_flight) StdoutLine: {'line': b'writing requirements to ../build/gesture_to_flight/gesture_to_flight.egg-info/requires.txt\n'}
[0.593134] (gesture_to_flight) StdoutLine: {'line': b'writing top-level names to ../build/gesture_to_flight/gesture_to_flight.egg-info/top_level.txt\n'}
[0.600404] (-) TimerEvent: {}
[0.609397] (gesture_to_flight) StdoutLine: {'line': b"reading manifest file '../build/gesture_to_flight/gesture_to_flight.egg-info/SOURCES.txt'\n"}
[0.610301] (gesture_to_flight) StdoutLine: {'line': b"writing manifest file '../build/gesture_to_flight/gesture_to_flight.egg-info/SOURCES.txt'\n"}
[0.610426] (gesture_to_flight) StdoutLine: {'line': b'running build\n'}
[0.610470] (gesture_to_flight) StdoutLine: {'line': b'running build_py\n'}
[0.610715] (gesture_to_flight) StdoutLine: {'line': b'copying gesture_to_flight/gesture_inference_ros_node.py -> GestureDrone/build/gesture_to_flight/build/lib/gesture_to_flight\n'}
[0.610761] (gesture_to_flight) StdoutLine: {'line': b'copying gesture_to_flight/__init__.py -> GestureDrone/build/gesture_to_flight/build/lib/gesture_to_flight\n'}
[0.610805] (gesture_to_flight) StdoutLine: {'line': b'copying gesture_to_flight/flightInstructions.py -> GestureDrone/build/gesture_to_flight/build/lib/gesture_to_flight\n'}
[0.610925] (gesture_to_flight) StdoutLine: {'line': b'running install\n'}
[0.613716] (gesture_to_flight) StdoutLine: {'line': b'running install_lib\n'}
[0.621364] (gesture_to_flight) StdoutLine: {'line': b'copying GestureDrone/build/gesture_to_flight/build/lib/gesture_to_flight/gesture_inference_ros_node.py -> GestureDrone/install/gesture_to_flight/lib/python3.10/site-packages/gesture_to_flight\n'}
[0.621746] (gesture_to_flight) StdoutLine: {'line': b'byte-compiling GestureDrone/install/gesture_to_flight/lib/python3.10/site-packages/gesture_to_flight/gesture_inference_ros_node.py to gesture_inference_ros_node.cpython-310.pyc\n'}
[0.622688] (gesture_to_flight) StdoutLine: {'line': b'running install_data\n'}
[0.622843] (gesture_to_flight) StdoutLine: {'line': b'copying resource/gesture_to_flight -> GestureDrone/install/gesture_to_flight/share/ament_index/resource_index/packages\n'}
[0.623000] (gesture_to_flight) StdoutLine: {'line': b'copying package.xml -> GestureDrone/install/gesture_to_flight/share/gesture_to_flight\n'}
[0.623113] (gesture_to_flight) StdoutLine: {'line': b'copying launch/gesture_drone.launch.py -> GestureDrone/install/gesture_to_flight/share/gesture_to_flight/launch\n'}
[0.623161] (gesture_to_flight) StdoutLine: {'line': b'running install_egg_info\n'}
[0.631886] (gesture_to_flight) StdoutLine: {'line': b"removing 'GestureDrone/install/gesture_to_flight/lib/python3.10/site-packages/gesture_to_flight-0.0.1-py3.10.egg-info' (and everything under it)\n"}
[0.632038] (gesture_to_flight) StdoutLine: {'line': b'Copying ../build/gesture_to_flight/gesture_to_flight.egg-info to GestureDrone/install/gesture_to_flight/lib/python3.10/site-packages/gesture_to_flight-0.0.1-py3.10.egg-info\n'}
[0.632348] (gesture_to_flight) StdoutLine: {'line': b'running install_scripts\n'}
[0.698691] (gesture_to_flight) StdoutLine: {'line': b'Installing flight_controller script to GestureDrone/install/gesture_to_flight/bin\n'}
[0.699165] (gesture_to_flight) StdoutLine: {'line': b'Installing gesture_inference script to GestureDrone/install/gesture_to_flight/bin\n'}
[0.699307] (gesture_to_flight) StdoutLine: {'line': b"writing list of installed files to 'GestureDrone/build/gesture_to_flight/install.log'\n"}
[0.700489] (-) TimerEvent: {}
[0.716167] (gesture_to_flight) CommandEnded: {'returncode': 0}
[0.725070] (gesture_to_flight) JobEnded: {'identifier': 'gesture_to_flight', 'rc': 0}
[0.725649] (-) EventReactorShutdown: {}
