[0.000000] (-) TimerEvent: {}
[0.000522] (gesture_cv) JobQueued: {'identifier': 'gesture_cv', 'dependencies': OrderedDict()}
[0.000621] (gesture_to_flight) JobQueued: {'identifier': 'gesture_to_flight', 'dependencies': OrderedDict()}
[0.000638] (gesture_cv) JobStarted: {'identifier': 'gesture_cv'}
[0.005647] (gesture_to_flight) JobStarted: {'identifier': 'gesture_to_flight'}
[0.099617] (-) TimerEvent: {}
[0.136942] (gesture_to_flight) JobProgress: {'identifier': 'gesture_to_flight', 'progress': 'cmake'}
[0.137564] (gesture_to_flight) Command: {'cmd': ['/usr/bin/cmake', 'GestureDrone/gesture_to_flight', '-DCMAKE_INSTALL_PREFIX=GestureDrone/install/gesture_to_flight'], 'cwd': 'GestureDrone/build/gesture_to_flight', 'env': ***REMOVED***, 'shell': False}
[0.199745] (-) TimerEvent: {}
[0.301030] (-) TimerEvent: {}
[0.313980] (gesture_to_flight) StdoutLine: {'line': b'-- The C compiler identification is GNU 11.4.0\n'}
[0.401259] (-) TimerEvent: {}
[0.451200] (gesture_cv) Command: {'cmd': ['/usr/bin/python3', '-W', 'ignore:setup.py install is deprecated', '-W', 'ignore:easy_install command is deprecated', 'setup.py', 'egg_info', '--egg-base', '../build/gesture_cv', 'build', '--build-base', 'GestureDrone/build/gesture_cv/build', 'install', '--record', 'GestureDrone/build/gesture_cv/install.log', '--single-version-externally-managed', 'install_data'], 'cwd': 'GestureDrone/gesture_cv', 'env': ***REMOVED***, 'shell': False}
[0.501372] (-) TimerEvent: {}
[0.518589] (gesture_to_flight) StdoutLine: {'line': b'-- The CXX compiler identification is GNU 11.4.0\n'}
[0.533606] (gesture_to_flight) StdoutLine: {'line': b'-- Detecting C compiler ABI info\n'}
[0.562089] (gesture_cv) StderrLine: {'line': b"site-packages/setuptools/_distutils/dist.py:289: UserWarning: Unknown distribution option: 'tests_require'\n"}
[0.562232] (gesture_cv) StderrLine: {'line': b'  warnings.warn(msg)\n'}
[0.574511] (gesture_to_flight) StdoutLine: {'line': b'-- Detecting C compiler ABI info - done\n'}
[0.580824] (gesture_to_flight) StdoutLine: {'line': b'-- Check for working C compiler: /usr/lib/ccache/cc - skipped\n'}
[0.581183] (gesture_to_flight) StdoutLine: {'line': b'-- Detecting C compile features\n'}
[0.582068] (gesture_to_flight) StdoutLine: {'line': b'-- Detecting C compile features - done\n'}
[0.585281] (gesture_to_flight) StdoutLine: {'line': b'-- Detecting CXX compiler ABI info\n'}
[0.601547] (-) TimerEvent: {}
[0.614468] (gesture_cv) StdoutLine: {'line': b'running egg_info\n'}
[0.625035] (gesture_cv) StdoutLine: {'line': b'creating ../build/gesture_cv/gesture_cv.egg-info\n'}
[0.625247] (gesture_cv) StdoutLine: {'line': b'writing ../build/gesture_cv/gesture_cv.egg-info/PKG-INFO\n'}
[0.625466] (gesture_cv) StdoutLine: {'line': b'writing dependency_links to ../build/gesture_cv/gesture_cv.egg-info/dependency_links.txt\n'}
[0.625511] (gesture_cv) StdoutLine: {'line': b'writing requirements to ../build/gesture_cv/gesture_cv.egg-info/requires.txt\n'}
[0.625656] (gesture_cv) StdoutLine: {'line': b'writing top-level names to ../build/gesture_cv/gesture_cv.egg-info/top_level.txt\n'}
[0.625696] (gesture_cv) StdoutLine: {'line': b"writing manifest file '../build/gesture_cv/gesture_cv.egg-info/SOURCES.txt'\n"}
[0.635046] (gesture_cv) StdoutLine: {'line': b"reading manifest file '../build/gesture_cv/gesture_cv.egg-info/SOURCES.txt'\n"}
[0.635805] (gesture_cv) StdoutLine: {'line': b"writing manifest file '../build/gesture_cv/gesture_cv.egg-info/SOURCES.txt'\n"}
[0.636224] (gesture_cv) StdoutLine: {'line': b'running build\n'}
[0.636304] (gesture_cv) StdoutLine: {'line': b'running install\n'}
[0.638459] (gesture_to_flight) StdoutLine: {'line': b'-- Detecting CXX compiler ABI info - done\n'}
[0.638874] (gesture_cv) StdoutLine: {'line': b'running install_data\n'}
[0.639081] (gesture_cv) StdoutLine: {'line': b'creating GestureDrone/install/gesture_cv/share/ament_index/resource_index/packages\n'}
[0.639193] (gesture_cv) StderrLine: {'line': b"error: can't copy 'resource/gesture_cv': doesn't exist or not a regular file\n"}
[0.644531] (gesture_to_flight) StdoutLine: {'line': b'-- Check for working CXX compiler: /usr/lib/ccache/c++ - skipped\n'}
[0.644740] (gesture_to_flight) StdoutLine: {'line': b'-- Detecting CXX compile features\n'}
[0.645102] (gesture_to_flight) StdoutLine: {'line': b'-- Detecting CXX compile features - done\n'}
[0.653171] (gesture_cv) CommandEnded: {'returncode': 1}
[0.653505] (gesture_cv) JobEnded: {'identifier': 'gesture_cv', 'rc': 1}
[0.658170] (gesture_to_flight) StdoutLine: {'line': b'-- Found ament_cmake: 1.3.12 (/opt/ros/humble/share/ament_cmake/cmake)\n'}
[0.701677] (-) TimerEvent: {}
[0.802000] (-) TimerEvent: {}
[0.889298] (gesture_to_flight) StdoutLine: {'line': b'-- Found Python3: /usr/bin/python3 (found version "3.10.12") found components: Interpreter \n'}
[0.902091] (-) TimerEvent: {}
[0.966207] (gesture_to_flight) StdoutLine: {'line': b'-- Found rclcpp: 16.0.15 (/opt/ros/humble/share/rclcpp/cmake)\n'}
[1.006729] (-) TimerEvent: {}
[1.013357] (gesture_to_flight) StdoutLine: {'line': b'-- Found rosidl_generator_c: 3.1.7 (/opt/ros/humble/share/rosidl_generator_c/cmake)\n'}
[1.020533] (gesture_to_flight) StdoutLine: {'line': b'-- Found rosidl_adapter: 3.1.7 (/opt/ros/humble/share/rosidl_adapter/cmake)\n'}
[1.031637] (gesture_to_flight) StdoutLine: {'line': b'-- Found rosidl_generator_cpp: 3.1.7 (/opt/ros/humble/share/rosidl_generator_cpp/cmake)\n'}
[1.045417] (gesture_to_flight) StdoutLine: {'line': b'-- Using all available rosidl_typesupport_c: rosidl_typesupport_fastrtps_c;rosidl_typesupport_introspection_c\n'}
[1.061373] (gesture_to_flight) StdoutLine: {'line': b'-- Using all available rosidl_typesupport_cpp: rosidl_typesupport_fastrtps_cpp;rosidl_typesupport_introspection_cpp\n'}
[1.104586] (gesture_to_flight) StdoutLine: {'line': b'-- Found rmw_implementation_cmake: 6.1.2 (/opt/ros/humble/share/rmw_implementation_cmake/cmake)\n'}
[1.107285] (-) TimerEvent: {}
[1.107577] (gesture_to_flight) StdoutLine: {'line': b'-- Found rmw_fastrtps_cpp: 6.2.8 (/opt/ros/humble/share/rmw_fastrtps_cpp/cmake)\n'}
[1.178925] (gesture_to_flight) StdoutLine: {'line': b'-- Found OpenSSL: /usr/lib/aarch64-linux-gnu/libcrypto.so (found version "3.0.2")  \n'}
[1.202199] (gesture_to_flight) StdoutLine: {'line': b'-- Found FastRTPS: /opt/ros/humble/include  \n'}
[1.208113] (-) TimerEvent: {}
[1.236371] (gesture_to_flight) StdoutLine: {'line': b"-- Using RMW implementation 'rmw_fastrtps_cpp' as default\n"}
[1.247929] (gesture_to_flight) StdoutLine: {'line': b'-- Looking for pthread.h\n'}
[1.308330] (-) TimerEvent: {}
[1.314150] (gesture_to_flight) StdoutLine: {'line': b'-- Looking for pthread.h - found\n'}
[1.316832] (gesture_to_flight) StdoutLine: {'line': b'-- Performing Test CMAKE_HAVE_LIBC_PTHREAD\n'}
[1.379245] (gesture_to_flight) StdoutLine: {'line': b'-- Performing Test CMAKE_HAVE_LIBC_PTHREAD - Success\n'}
[1.380454] (gesture_to_flight) StdoutLine: {'line': b'-- Found Threads: TRUE  \n'}
[1.408452] (-) TimerEvent: {}
[1.435360] (gesture_to_flight) StdoutLine: {'line': b'-- Found geometry_msgs: 4.9.0 (/opt/ros/humble/share/geometry_msgs/cmake)\n'}
[1.459668] (gesture_to_flight) StdoutLine: {'line': b'-- Found tf2: 0.25.16 (/opt/ros/humble/share/tf2/cmake)\n'}
[1.508584] (-) TimerEvent: {}
[1.513448] (gesture_to_flight) StdoutLine: {'line': b'-- Configuring done\n'}
[1.522137] (gesture_to_flight) StdoutLine: {'line': b'-- Generating done\n'}
[1.524834] (gesture_to_flight) StdoutLine: {'line': b'-- Build files have been written to: GestureDrone/build/gesture_to_flight\n'}
[1.531081] (gesture_to_flight) JobEnded: {'identifier': 'gesture_to_flight', 'rc': 'SIGINT'}
[1.541611] (-) EventReactorShutdown: {}
