[0.000000] (-) TimerEvent: {}
[0.000055] (-) JobUnselected: {'identifier': 'gesture_cv'}
[0.000070] (gesture_to_flight) JobQueued: {'identifier': 'gesture_to_flight', 'dependencies': OrderedDict([('gesture_cv', 'GestureDrone/install/gesture_cv')])}
[0.000604] (gesture_to_flight) JobStarted: {'identifier': 'gesture_to_flight'}
[0.099739] (-) TimerEvent: {}
[0.200006] (-) TimerEvent: {}
[0.300260] (-) TimerEvent: {}
[0.397212] (gesture_to_flight) Command: {'cmd': ['/usr/bin/python3', '-W', 'ignore:setup.py install is deprecated', '-W', 'ignore:easy_install command is deprecated', 'setup.py', 'egg_info', '--egg-base', '../build/gesture_to_flight', 'build', '--build-base', 'GestureDrone/build/gesture_to_flight/build', 'install', '--record', 'GestureDrone/build/gesture_to_flight/install.log', '--single-version-externally-managed', 'install_data'], 'cwd': 'GestureDrone/gesture_to_flight', 'env': ***REMOVED***, 'shell': False}
[0.400333] (-) TimerEvent: {}
[0.500574] (-) TimerEvent: {}
[0.541670] (gesture_to_flight) StdoutLine: {'line': b'running egg_info\n'}
[0.548680] (gesture_to_flight) StdoutLine: {'line': b'creating ../build/gesture_to_flight/gesture_to_flight.egg-info\n'}
[0.549217] (gesture_to_flight) StdoutLine: {'line': b'writing ../build/gesture_to_flight/gesture_to_flight.egg-info/PKG-INFO\n'}
[0.549343] (gesture_to_flight) StdoutLine: {'line': b'writing dependency_links to ../build/gesture_to_flight/gesture_to_flight.egg-info/dependency_links.txt\n'}
[0.549453] (gesture_to_flight) StdoutLine: {'line': b'writing entry points to ../build/gesture_to_flight/gesture_to_flight.egg-info/entry_points.txt\n'}
[0.549561] (gesture_to_flight) StdoutLine: {'line': b'writing requirements to ../build/gesture_to_flight/gesture_to_flight.egg-info/requires.txt\n'}
[0.549660] (gesture_to_flight) StdoutLine: {'line': b'writing top-level names to ../build/gesture_to_flight/gesture_to_flight.egg-info/top_level.txt\n'}
[0.549749] (gesture_to_flight) StdoutLine: {'line': b"writing manifest file '../build/gesture_to_flight/gesture_to_flight.egg-info/SOURCES.txt'\n"}
[0.564248] (gesture_to_flight) StdoutLine: {'line': b"reading manifest file '../build/gesture_to_flight/gesture_to_flight.egg-info/SOURCES.txt'\n"}
[0.564987] (gesture_to_flight) StdoutLine: {'line': b"writing manifest file '../build/gesture_to_flight/gesture_to_flight.egg-info/SOURCES.txt'\n"}
[0.565045] (gesture_to_flight) StdoutLine: {'line': b'running build\n'}
[0.565087] (gesture_to_flight) StdoutLine: {'line': b'running build_py\n'}
[0.565300] (gesture_to_flight) StdoutLine: {'line': b'creating GestureDrone/build/gesture_to_flight/build/lib/gesture_to_flight\n'}
[0.565348] (gesture_to_flight) StdoutLine: {'line': b'copying gesture_to_flight/gesture_inference_ros_node.py -> GestureDrone/build/gesture_to_flight/build/lib/gesture_to_flight\n'}
[0.565405] (gesture_to_flight) StdoutLine: {'line': b'copying gesture_to_flight/__init__.py -> GestureDrone/build/gesture_to_flight/build/lib/gesture_to_flight\n'}
[0.565446] (gesture_to_flight) StdoutLine: {'line': b'copying gesture_to_flight/flightInstructions.py -> GestureDrone/build/gesture_to_flight/build/lib/gesture_to_flight\n'}
[0.565486] (gesture_to_flight) StdoutLine: {'line': b'running install\n'}
[0.567973] (gesture_to_flight) StdoutLine: {'line': b'running install_lib\n'}
[0.575295] (gesture_to_flight) StdoutLine: {'line': b'creating GestureDrone/install/gesture_to_flight/lib/python3.10/site-packages/gesture_to_flight\n'}
[0.575403] (gesture_to_flight) StdoutLine: {'line': b'copying GestureDrone/build/gesture_to_flight/build/lib/gesture_to_flight/gesture_inference_ros_node.py -> GestureDrone/install/gesture_to_flight/lib/python3.10/site-packages/gesture_to_flight\n'}
[0.575457] (gesture_to_flight) StdoutLine: {'line': b'copying GestureDrone/build/gesture_to_flight/build/lib/gesture_to_flight/__init__.py -> GestureDrone/install/gesture_to_flight/lib/python3.10/site-packages/gesture_to_flight\n'}
[0.575500] (gesture_to_flight) StdoutLine: {'line': b'copying GestureDrone/build/gesture_to_flight/build/lib/gesture_to_flight/flightInstructions.py -> GestureDrone/install/gesture_to_flight/lib/python3.10/site-packages/gesture_to_flight\n'}
[0.575760] (gesture_to_flight) StdoutLine: {'line': b'byte-compiling GestureDrone/install/gesture_to_flight/lib/python3.10/site-packages/gesture_to_flight/gesture_inference_ros_node.py to gesture_inference_ros_node.cpython-310.pyc\n'}
[0.576544] (gesture_to_flight) StdoutLine: {'line': b'byte-compiling GestureDrone/install/gesture_to_flight/lib/python3.10/site-packages/gesture_to_flight/__init__.py to __init__.cpython-310.pyc\n'}
[0.576612] (gesture_to_flight) StdoutLine: {'line': b'byte-compiling GestureDrone/install/gesture_to_flight/lib/python3.10/site-packages/gesture_to_flight/flightInstructions.py to flightInstructions.cpython-310.pyc\n'}
[0.577230] (gesture_to_flight) StdoutLine: {'line': b'running install_data\n'}
[0.577302] (gesture_to_flight) StdoutLine: {'line': b'creating GestureDrone/install/gesture_to_flight/share/ament_index/resource_index/packages\n'}
[0.577343] (gesture_to_flight) StdoutLine: {'line': b'copying resource/gesture_to_flight -> GestureDrone/install/gesture_to_flight/share/ament_index/resource_index/packages\n'}
[0.577385] (gesture_to_flight) StdoutLine: {'line': b'copying package.xml -> GestureDrone/install/gesture_to_flight/share/gesture_to_flight\n'}
[0.577429] (gesture_to_flight) StdoutLine: {'line': b'creating GestureDrone/install/gesture_to_flight/share/gesture_to_flight/launch\n'}
[0.577514] (gesture_to_flight) StdoutLine: {'line': b'copying launch/gesture_drone.launch.py -> GestureDrone/install/gesture_to_flight/share/gesture_to_flight/launch\n'}
[0.577573] (gesture_to_flight) StdoutLine: {'line': b'running install_egg_info\n'}
[0.585657] (gesture_to_flight) StdoutLine: {'line': b'Copying ../build/gesture_to_flight/gesture_to_flight.egg-info to GestureDrone/install/gesture_to_flight/lib/python3.10/site-packages/gesture_to_flight-0.0.1-py3.10.egg-info\n'}
[0.585939] (gesture_to_flight) StdoutLine: {'line': b'running install_scripts\n'}
[0.600633] (-) TimerEvent: {}
[0.651242] (gesture_to_flight) StdoutLine: {'line': b'Installing flight_controller script to GestureDrone/install/gesture_to_flight/bin\n'}
[0.651600] (gesture_to_flight) StdoutLine: {'line': b'Installing gesture_inference script to GestureDrone/install/gesture_to_flight/bin\n'}
[0.651730] (gesture_to_flight) StdoutLine: {'line': b"writing list of installed files to 'GestureDrone/build/gesture_to_flight/install.log'\n"}
[0.668328] (gesture_to_flight) CommandEnded: {'returncode': 0}
[0.676851] (gesture_to_flight) JobEnded: {'identifier': 'gesture_to_flight', 'rc': 0}
[0.677404] (-) EventReactorShutdown: {}
