[0.139s] DEBUG:colcon:Command line arguments: ['/usr/bin/colcon', 'build', '--packages-select', 'gesture_to_flight']
[0.139s] DEBUG:colcon:Parsed command line arguments: Namespace(log_base=None, log_level=None, verb_name='build', build_base='build', install_base='install', merge_install=False, symlink_install=False, test_result_base=None, continue_on_error=False, executor='parallel', parallel_workers=14, event_handlers=None, ignore_user_meta=False, metas=['./colcon.meta'], base_paths=['.'], packages_ignore=None, packages_ignore_regex=None, paths=None, packages_up_to=None, packages_up_to_regex=None, packages_above=None, packages_above_and_dependencies=None, packages_above_depth=None, packages_select_by_dep=None, packages_skip_by_dep=None, packages_skip_up_to=None, packages_select_build_failed=False, packages_skip_build_finished=False, packages_select_test_failures=False, packages_skip_test_passed=False, packages_select=['gesture_to_flight'], packages_skip=None, packages_select_regex=None, packages_skip_regex=None, packages_start=None, packages_end=None, allow_overriding=[], cmake_args=None, cmake_target=None, cmake_target_skip_unavailable=False, cmake_clean_cache=False, cmake_clean_first=False, cmake_force_configure=False, ament_cmake_args=None, catkin_cmake_args=None, catkin_skip_building_tests=False, mixin_files=None, mixin=None, verb_parser=<colcon_mixin.mixin.mixin_argument.MixinArgumentDecorator object at 0x7fcf0af9c5b0>, verb_extension=<colcon_core.verb.build.BuildVerb object at 0x7fcf0af1dae0>, main=<bound method BuildVerb.main of <colcon_core.verb.build.BuildVerb object at 0x7fcf0af1dae0>>, mixin_verb=('build',))
[0.163s] Level 1:colcon.colcon_core.package_discovery:discover_packages(colcon_meta) check parameters
[0.163s] Level 1:colcon.colcon_core.package_discovery:discover_packages(recursive) check parameters
[0.163s] Level 1:colcon.colcon_core.package_discovery:discover_packages(ignore) check parameters
[0.163s] Level 1:colcon.colcon_core.package_discovery:discover_packages(path) check parameters
[0.163s] Level 1:colcon.colcon_core.package_discovery:discover_packages(colcon_meta) discover
[0.163s] Level 1:colcon.colcon_core.package_discovery:discover_packages(recursive) discover
[0.163s] INFO:colcon.colcon_core.package_discovery:Crawling recursively for packages in '/home/etienne/GestureDrone'
[0.163s] Level 1:colcon.colcon_core.package_identification:_identify(.) by extensions ['ignore', 'ignore_ament_install']
[0.163s] Level 1:colcon.colcon_core.package_identification:_identify(.) by extension 'ignore'
[0.163s] Level 1:colcon.colcon_core.package_identification:_identify(.) by extension 'ignore_ament_install'
[0.163s] Level 1:colcon.colcon_core.package_identification:_identify(.) by extensions ['colcon_pkg']
[0.163s] Level 1:colcon.colcon_core.package_identification:_identify(.) by extension 'colcon_pkg'
[0.163s] Level 1:colcon.colcon_core.package_identification:_identify(.) by extensions ['colcon_meta']
[0.163s] Level 1:colcon.colcon_core.package_identification:_identify(.) by extension 'colcon_meta'
[0.163s] Level 1:colcon.colcon_core.package_identification:_identify(.) by extensions ['ros']
[0.163s] Level 1:colcon.colcon_core.package_identification:_identify(.) by extension 'ros'
[0.171s] Level 1:colcon.colcon_core.package_identification:_identify(.) by extensions ['cmake', 'python']
[0.171s] Level 1:colcon.colcon_core.package_identification:_identify(.) by extension 'cmake'
[0.171s] Level 1:colcon.colcon_core.package_identification:_identify(.) by extension 'python'
[0.171s] Level 1:colcon.colcon_core.package_identification:_identify(.) by extensions ['python_setup_py']
[0.171s] Level 1:colcon.colcon_core.package_identification:_identify(.) by extension 'python_setup_py'
[0.171s] Level 1:colcon.colcon_core.package_identification:_identify(build) by extensions ['ignore', 'ignore_ament_install']
[0.172s] Level 1:colcon.colcon_core.package_identification:_identify(build) by extension 'ignore'
[0.172s] Level 1:colcon.colcon_core.package_identification:_identify(build) ignored
[0.172s] Level 1:colcon.colcon_core.package_identification:_identify(gesture_cv) by extensions ['ignore', 'ignore_ament_install']
[0.172s] Level 1:colcon.colcon_core.package_identification:_identify(gesture_cv) by extension 'ignore'
[0.172s] Level 1:colcon.colcon_core.package_identification:_identify(gesture_cv) by extension 'ignore_ament_install'
[0.172s] Level 1:colcon.colcon_core.package_identification:_identify(gesture_cv) by extensions ['colcon_pkg']
[0.172s] Level 1:colcon.colcon_core.package_identification:_identify(gesture_cv) by extension 'colcon_pkg'
[0.172s] Level 1:colcon.colcon_core.package_identification:_identify(gesture_cv) by extensions ['colcon_meta']
[0.172s] Level 1:colcon.colcon_core.package_identification:_identify(gesture_cv) by extension 'colcon_meta'
[0.172s] Level 1:colcon.colcon_core.package_identification:_identify(gesture_cv) by extensions ['ros']
[0.172s] Level 1:colcon.colcon_core.package_identification:_identify(gesture_cv) by extension 'ros'
[0.173s] DEBUG:colcon.colcon_core.package_identification:Package 'gesture_cv' with type 'ros.ament_python' and name 'gesture_cv'
[0.173s] Level 1:colcon.colcon_core.package_identification:_identify(gesture_to_flight) by extensions ['ignore', 'ignore_ament_install']
[0.173s] Level 1:colcon.colcon_core.package_identification:_identify(gesture_to_flight) by extension 'ignore'
[0.173s] Level 1:colcon.colcon_core.package_identification:_identify(gesture_to_flight) by extension 'ignore_ament_install'
[0.173s] Level 1:colcon.colcon_core.package_identification:_identify(gesture_to_flight) by extensions ['colcon_pkg']
[0.173s] Level 1:colcon.colcon_core.package_identification:_identify(gesture_to_flight) by extension 'colcon_pkg'
[0.173s] Level 1:colcon.colcon_core.package_identification:_identify(gesture_to_flight) by extensions ['colcon_meta']
[0.173s] Level 1:colcon.colcon_core.package_identification:_identify(gesture_to_flight) by extension 'colcon_meta'
[0.173s] Level 1:colcon.colcon_core.package_identification:_identify(gesture_to_flight) by extensions ['ros']
[0.173s] Level 1:colcon.colcon_core.package_identification:_identify(gesture_to_flight) by extension 'ros'
[0.174s] DEBUG:colcon.colcon_core.package_identification:Package 'gesture_to_flight' with type 'ros.ament_python' and name 'gesture_to_flight'
[0.174s] Level 1:colcon.colcon_core.package_identification:_identify(install) by extensions ['ignore', 'ignore_ament_install']
[0.174s] Level 1:colcon.colcon_core.package_identification:_identify(install) by extension 'ignore'
[0.174s] Level 1:colcon.colcon_core.package_identification:_identify(install) ignored
[0.174s] Level 1:colcon.colcon_core.package_identification:_identify(log) by extensions ['ignore', 'ignore_ament_install']
[0.174s] Level 1:colcon.colcon_core.package_identification:_identify(log) by extension 'ignore'
[0.174s] Level 1:colcon.colcon_core.package_identification:_identify(log) ignored
[0.174s] Level 1:colcon.colcon_core.package_discovery:discover_packages(recursive) using defaults
[0.174s] Level 1:colcon.colcon_core.package_discovery:discover_packages(ignore) discover
[0.174s] Level 1:colcon.colcon_core.package_discovery:discover_packages(ignore) using defaults
[0.174s] Level 1:colcon.colcon_core.package_discovery:discover_packages(path) discover
[0.174s] Level 1:colcon.colcon_core.package_discovery:discover_packages(path) using defaults
[0.185s] INFO:colcon.colcon_core.package_selection:Skipping not selected package 'gesture_cv' in 'gesture_cv'
[0.186s] Level 1:colcon.colcon_core.package_discovery:discover_packages(prefix_path) check parameters
[0.186s] Level 1:colcon.colcon_core.package_discovery:discover_packages(prefix_path) discover
[0.188s] DEBUG:colcon.colcon_installed_package_information.package_discovery:Found 1 installed packages in /home/etienne/GestureDrone/install
[0.188s] DEBUG:colcon.colcon_installed_package_information.package_discovery:Found 1 installed packages in /home/etienne/mavros_gnc/install
[0.188s] DEBUG:colcon.colcon_installed_package_information.package_discovery:Found 3 installed packages in /home/etienne/CUAD/gesture_drone_ws/install
[0.188s] DEBUG:colcon.colcon_installed_package_information.package_discovery:Found 4 installed packages in /home/etienne/ros2_ws/src/install
[0.189s] DEBUG:colcon.colcon_installed_package_information.package_discovery:Found 232 installed packages in /opt/ros/humble
[0.190s] Level 1:colcon.colcon_core.package_discovery:discover_packages(prefix_path) using defaults
[0.206s] Level 5:colcon.colcon_core.verb:set package 'gesture_to_flight' build argument 'cmake_args' from command line to 'None'
[0.206s] Level 5:colcon.colcon_core.verb:set package 'gesture_to_flight' build argument 'cmake_target' from command line to 'None'
[0.206s] Level 5:colcon.colcon_core.verb:set package 'gesture_to_flight' build argument 'cmake_target_skip_unavailable' from command line to 'False'
[0.206s] Level 5:colcon.colcon_core.verb:set package 'gesture_to_flight' build argument 'cmake_clean_cache' from command line to 'False'
[0.206s] Level 5:colcon.colcon_core.verb:set package 'gesture_to_flight' build argument 'cmake_clean_first' from command line to 'False'
[0.206s] Level 5:colcon.colcon_core.verb:set package 'gesture_to_flight' build argument 'cmake_force_configure' from command line to 'False'
[0.206s] Level 5:colcon.colcon_core.verb:set package 'gesture_to_flight' build argument 'ament_cmake_args' from command line to 'None'
[0.206s] Level 5:colcon.colcon_core.verb:set package 'gesture_to_flight' build argument 'catkin_cmake_args' from command line to 'None'
[0.206s] Level 5:colcon.colcon_core.verb:set package 'gesture_to_flight' build argument 'catkin_skip_building_tests' from command line to 'False'
[0.206s] DEBUG:colcon.colcon_core.verb:Building package 'gesture_to_flight' with the following arguments: {'ament_cmake_args': None, 'build_base': '/home/etienne/GestureDrone/build/gesture_to_flight', 'catkin_cmake_args': None, 'catkin_skip_building_tests': False, 'cmake_args': None, 'cmake_clean_cache': False, 'cmake_clean_first': False, 'cmake_force_configure': False, 'cmake_target': None, 'cmake_target_skip_unavailable': False, 'install_base': '/home/etienne/GestureDrone/install/gesture_to_flight', 'merge_install': False, 'path': '/home/etienne/GestureDrone/gesture_to_flight', 'symlink_install': False, 'test_result_base': None}
[0.206s] INFO:colcon.colcon_core.executor:Executing jobs using 'parallel' executor
[0.207s] DEBUG:colcon.colcon_parallel_executor.executor.parallel:run_until_complete
[0.207s] INFO:colcon.colcon_ros.task.ament_python.build:Building ROS package in '/home/etienne/GestureDrone/gesture_to_flight' with build type 'ament_python'
[0.207s] Level 1:colcon.colcon_core.shell:create_environment_hook('gesture_to_flight', 'ament_prefix_path')
[0.210s] INFO:colcon.colcon_core.plugin_system:Skipping extension 'colcon_core.shell.bat': Not used on non-Windows systems
[0.210s] INFO:colcon.colcon_core.shell:Creating environment hook '/home/etienne/GestureDrone/install/gesture_to_flight/share/gesture_to_flight/hook/ament_prefix_path.ps1'
[0.211s] INFO:colcon.colcon_core.shell:Creating environment descriptor '/home/etienne/GestureDrone/install/gesture_to_flight/share/gesture_to_flight/hook/ament_prefix_path.dsv'
[0.211s] INFO:colcon.colcon_core.shell:Creating environment hook '/home/etienne/GestureDrone/install/gesture_to_flight/share/gesture_to_flight/hook/ament_prefix_path.sh'
[0.211s] INFO:colcon.colcon_core.shell:Skip shell extension 'powershell' for command environment: Not usable outside of PowerShell
[0.211s] DEBUG:colcon.colcon_core.shell:Skip shell extension 'dsv' for command environment
[0.213s] WARNING:colcon.colcon_core.shell:The following packages are in the workspace but haven't been built:
- gesture_cv
They are being used from the following locations instead:
- /home/etienne/CUAD/gesture_drone_ws/install/gesture_cv
To suppress this warning ignore these packages in the workspace:
--packages-ignore gesture_cv
[0.348s] INFO:colcon.colcon_core.task.python.build:Building Python package in '/home/etienne/GestureDrone/gesture_to_flight'
[0.348s] INFO:colcon.colcon_core.shell:Skip shell extension 'powershell' for command environment: Not usable outside of PowerShell
[0.348s] DEBUG:colcon.colcon_core.shell:Skip shell extension 'dsv' for command environment
[0.720s] DEBUG:colcon.colcon_core.event_handler.log_command:Invoking command in '/home/etienne/GestureDrone/gesture_to_flight': PYTHONPATH=/home/etienne/GestureDrone/build/gesture_to_flight/prefix_override:/usr/lib/python3/dist-packages/colcon_core/task/python/colcon_distutils_commands:/home/etienne/GestureDrone/install/gesture_to_flight/lib/python3.10/site-packages:${PYTHONPATH} VIRTUAL_ENV_PROMPT=(gesture_env) /usr/bin/python3 -W ignore:setup.py install is deprecated -W ignore:easy_install command is deprecated setup.py egg_info --egg-base ../build/gesture_to_flight build --build-base /home/etienne/GestureDrone/build/gesture_to_flight/build install --record /home/etienne/GestureDrone/build/gesture_to_flight/install.log --single-version-externally-managed install_data
[1.044s] DEBUG:colcon.colcon_core.event_handler.log_command:Invoked command in '/home/etienne/GestureDrone/gesture_to_flight' returned '0': PYTHONPATH=/home/etienne/GestureDrone/build/gesture_to_flight/prefix_override:/usr/lib/python3/dist-packages/colcon_core/task/python/colcon_distutils_commands:/home/etienne/GestureDrone/install/gesture_to_flight/lib/python3.10/site-packages:${PYTHONPATH} VIRTUAL_ENV_PROMPT=(gesture_env) /usr/bin/python3 -W ignore:setup.py install is deprecated -W ignore:easy_install command is deprecated setup.py egg_info --egg-base ../build/gesture_to_flight build --build-base /home/etienne/GestureDrone/build/gesture_to_flight/build install --record /home/etienne/GestureDrone/build/gesture_to_flight/install.log --single-version-externally-managed install_data
[1.050s] Level 1:colcon.colcon_core.environment:checking '/home/etienne/GestureDrone/install/gesture_to_flight' for CMake module files
[1.050s] Level 1:colcon.colcon_core.environment:checking '/home/etienne/GestureDrone/install/gesture_to_flight' for CMake config files
[1.051s] Level 1:colcon.colcon_core.environment:checking '/home/etienne/GestureDrone/install/gesture_to_flight/lib'
[1.051s] Level 1:colcon.colcon_core.environment:checking '/home/etienne/GestureDrone/install/gesture_to_flight/bin'
[1.051s] Level 1:colcon.colcon_core.shell:create_environment_hook('gesture_to_flight', 'path')
[1.051s] INFO:colcon.colcon_core.shell:Creating environment hook '/home/etienne/GestureDrone/install/gesture_to_flight/share/gesture_to_flight/hook/path.ps1'
[1.052s] INFO:colcon.colcon_core.shell:Creating environment descriptor '/home/etienne/GestureDrone/install/gesture_to_flight/share/gesture_to_flight/hook/path.dsv'
[1.052s] INFO:colcon.colcon_core.shell:Creating environment hook '/home/etienne/GestureDrone/install/gesture_to_flight/share/gesture_to_flight/hook/path.sh'
[1.053s] Level 1:colcon.colcon_core.environment:checking '/home/etienne/GestureDrone/install/gesture_to_flight/lib/pkgconfig/gesture_to_flight.pc'
[1.053s] Level 1:colcon.colcon_core.environment:checking '/home/etienne/GestureDrone/install/gesture_to_flight/lib/python3.10/site-packages'
[1.053s] Level 1:colcon.colcon_core.shell:create_environment_hook('gesture_to_flight', 'pythonpath')
[1.053s] INFO:colcon.colcon_core.shell:Creating environment hook '/home/etienne/GestureDrone/install/gesture_to_flight/share/gesture_to_flight/hook/pythonpath.ps1'
[1.053s] INFO:colcon.colcon_core.shell:Creating environment descriptor '/home/etienne/GestureDrone/install/gesture_to_flight/share/gesture_to_flight/hook/pythonpath.dsv'
[1.054s] INFO:colcon.colcon_core.shell:Creating environment hook '/home/etienne/GestureDrone/install/gesture_to_flight/share/gesture_to_flight/hook/pythonpath.sh'
[1.054s] Level 1:colcon.colcon_core.environment:checking '/home/etienne/GestureDrone/install/gesture_to_flight/bin'
[1.054s] Level 1:colcon.colcon_core.shell:create_environment_hook('gesture_to_flight', 'pythonscriptspath')
[1.054s] INFO:colcon.colcon_core.shell:Creating environment hook '/home/etienne/GestureDrone/install/gesture_to_flight/share/gesture_to_flight/hook/pythonscriptspath.ps1'
[1.055s] INFO:colcon.colcon_core.shell:Creating environment descriptor '/home/etienne/GestureDrone/install/gesture_to_flight/share/gesture_to_flight/hook/pythonscriptspath.dsv'
[1.055s] INFO:colcon.colcon_core.shell:Creating environment hook '/home/etienne/GestureDrone/install/gesture_to_flight/share/gesture_to_flight/hook/pythonscriptspath.sh'
[1.055s] Level 1:colcon.colcon_core.environment:create_environment_scripts_only(gesture_to_flight)
[1.056s] INFO:colcon.colcon_core.shell:Creating package script '/home/etienne/GestureDrone/install/gesture_to_flight/share/gesture_to_flight/package.ps1'
[1.057s] INFO:colcon.colcon_core.shell:Creating package descriptor '/home/etienne/GestureDrone/install/gesture_to_flight/share/gesture_to_flight/package.dsv'
[1.058s] INFO:colcon.colcon_core.shell:Creating package script '/home/etienne/GestureDrone/install/gesture_to_flight/share/gesture_to_flight/package.sh'
[1.059s] INFO:colcon.colcon_core.shell:Creating package script '/home/etienne/GestureDrone/install/gesture_to_flight/share/gesture_to_flight/package.bash'
[1.060s] INFO:colcon.colcon_core.shell:Creating package script '/home/etienne/GestureDrone/install/gesture_to_flight/share/gesture_to_flight/package.zsh'
[1.061s] Level 1:colcon.colcon_core.environment:create_file_with_runtime_dependencies(/home/etienne/GestureDrone/install/gesture_to_flight/share/colcon-core/packages/gesture_to_flight)
[1.061s] DEBUG:colcon.colcon_parallel_executor.executor.parallel:closing loop
[1.062s] DEBUG:colcon.colcon_parallel_executor.executor.parallel:loop closed
[1.062s] DEBUG:colcon.colcon_parallel_executor.executor.parallel:run_until_complete finished with '0'
[1.062s] DEBUG:colcon.colcon_core.event_reactor:joining thread
[1.068s] INFO:colcon.colcon_core.plugin_system:Skipping extension 'colcon_notification.desktop_notification.terminal_notifier': Not used on non-Darwin systems
[1.068s] INFO:colcon.colcon_core.plugin_system:Skipping extension 'colcon_notification.desktop_notification.win32': Not used on non-Windows systems
[1.068s] INFO:colcon.colcon_notification.desktop_notification:Sending desktop notification using 'notify2'
[1.084s] DEBUG:colcon.colcon_core.event_reactor:joined thread
[1.084s] INFO:colcon.colcon_core.shell:Creating prefix script '/home/etienne/GestureDrone/install/local_setup.ps1'
[1.085s] INFO:colcon.colcon_core.shell:Creating prefix util module '/home/etienne/GestureDrone/install/_local_setup_util_ps1.py'
[1.087s] INFO:colcon.colcon_core.shell:Creating prefix chain script '/home/etienne/GestureDrone/install/setup.ps1'
[1.089s] INFO:colcon.colcon_core.shell:Creating prefix script '/home/etienne/GestureDrone/install/local_setup.sh'
[1.089s] INFO:colcon.colcon_core.shell:Creating prefix util module '/home/etienne/GestureDrone/install/_local_setup_util_sh.py'
[1.090s] INFO:colcon.colcon_core.shell:Creating prefix chain script '/home/etienne/GestureDrone/install/setup.sh'
[1.091s] INFO:colcon.colcon_core.shell:Creating prefix script '/home/etienne/GestureDrone/install/local_setup.bash'
[1.092s] INFO:colcon.colcon_core.shell:Creating prefix chain script '/home/etienne/GestureDrone/install/setup.bash'
[1.094s] INFO:colcon.colcon_core.shell:Creating prefix script '/home/etienne/GestureDrone/install/local_setup.zsh'
[1.094s] INFO:colcon.colcon_core.shell:Creating prefix chain script '/home/etienne/GestureDrone/install/setup.zsh'
